<?xml version="1.0" encoding="UTF-8"?>
<!-- Generated by org.testng.reporters.JUnitXMLReporter -->
<testsuite ignored="0" hostname="DESKTOP-ILEJQLS" failures="0" tests="3" name="Default test" time="9.79" errors="0" timestamp="2024-02-27T04:01:17 CST">
  <testcase classname="files.dynamicJson" name="addBook" time="9.016"/>
  <testcase classname="files.dynamicJson" name="addBook" time="0.299"/>
  <testcase classname="files.dynamicJson" name="addBook" time="0.246"/>
</testsuite> <!-- Default test -->
