<?xml version="1.0" encoding="UTF-8"?>
<testng-results ignored="0" total="3" passed="3" failed="0" skipped="0">
  <reporter-output>
  </reporter-output>
  <suite started-at="2024-02-27T04:01:07 CST" name="Default suite" finished-at="2024-02-27T04:01:17 CST" duration-ms="9790">
    <groups>
    </groups>
    <test started-at="2024-02-27T04:01:07 CST" name="Default test" finished-at="2024-02-27T04:01:17 CST" duration-ms="9790">
      <class name="files.dynamicJson">
        <test-method signature="addBook(java.lang.String,java.lang.String)[pri:0, instance:files.dynamicJson@3ba987b8]" started-at="2024-02-27T04:01:07 CST" name="addBook" data-provider="BokksData" finished-at="2024-02-27T04:01:16 CST" duration-ms="9016" status="PASS">
          <params>
            <param index="0">
              <value>
                <![CDATA[xyz]]>
              </value>
            </param>
            <param index="1">
              <value>
                <![CDATA[1230]]>
              </value>
            </param>
          </params>
          <reporter-output>
          </reporter-output>
        </test-method> <!-- addBook -->
        <test-method signature="addBook(java.lang.String,java.lang.String)[pri:0, instance:files.dynamicJson@3ba987b8]" started-at="2024-02-27T04:01:16 CST" name="addBook" data-provider="BokksData" finished-at="2024-02-27T04:01:17 CST" duration-ms="299" status="PASS">
          <params>
            <param index="0">
              <value>
                <![CDATA[dyuf]]>
              </value>
            </param>
            <param index="1">
              <value>
                <![CDATA[4560]]>
              </value>
            </param>
          </params>
          <reporter-output>
          </reporter-output>
        </test-method> <!-- addBook -->
        <test-method signature="addBook(java.lang.String,java.lang.String)[pri:0, instance:files.dynamicJson@3ba987b8]" started-at="2024-02-27T04:01:17 CST" name="addBook" data-provider="BokksData" finished-at="2024-02-27T04:01:17 CST" duration-ms="246" status="PASS">
          <params>
            <param index="0">
              <value>
                <![CDATA[ghai]]>
              </value>
            </param>
            <param index="1">
              <value>
                <![CDATA[7809]]>
              </value>
            </param>
          </params>
          <reporter-output>
          </reporter-output>
        </test-method> <!-- addBook -->
      </class> <!-- files.dynamicJson -->
    </test> <!-- Default test -->
  </suite> <!-- Default suite -->
</testng-results>
